<?xml version="1.0" encoding="UTF-8"?>
<!-- Generated by org.testng.reporters.JUnitReportReporter -->
<testsuite hostname="DESKTOP-Q82T3AI" failures="0" tests="1" name="eCommr.Flipkart" time="9.463" errors="0" timestamp="2023-08-01T19:23:23 IST" skipped="0">
  <testcase classname="eCommr.Flipkart" name="Flipkart_Test" time="9.463"/>
  <system-out/>
</testsuite> <!-- eCommr.Flipkart -->
