<?xml version="1.0" encoding="UTF-8"?>
<!-- Generated by org.testng.reporters.JUnitReportReporter -->
<testsuite hostname="DESKTOP-Q82T3AI" failures="0" tests="1" name="eCommr.Myntra" time="35.176" errors="0" timestamp="2023-08-01T16:18:52 IST" skipped="0">
  <testcase classname="eCommr.Myntra" name="MyntraTest" time="35.176"/>
  <system-out/>
</testsuite> <!-- eCommr.Myntra -->
