<?xml version="1.0" encoding="UTF-8"?>
<!-- Generated by org.testng.reporters.JUnitReportReporter -->
<testsuite hostname="DESKTOP-Q82T3AI" failures="0" tests="1" name="eCommr.Amazon" time="11.388" errors="0" timestamp="2023-08-01T18:56:51 IST" skipped="0">
  <testcase classname="eCommr.Amazon" name="AmazonTest" time="11.388"/>
  <system-out/>
</testsuite> <!-- eCommr.Amazon -->
