<?xml version="1.0" encoding="UTF-8"?>
<!-- Generated by org.testng.reporters.JUnitReportReporter -->
<testsuite hostname="DESKTOP-Q82T3AI" failures="0" tests="1" name="eCommr.Myntra" time="15.532" errors="0" timestamp="2023-08-01T19:23:24 IST" skipped="0">
  <testcase classname="eCommr.Myntra" name="MyntraTest" time="15.532"/>
  <system-out/>
</testsuite> <!-- eCommr.Myntra -->
